0 info it worked if it ends with ok
1 verbose cli [ 'C:\\Program Files\\nodejs\\node.exe',
1 verbose cli   'C:\\Program Files\\nodejs\\node_modules\\npm\\bin\\npm-cli.js',
1 verbose cli   'run',
1 verbose cli   'postcss' ]
2 info using npm@3.10.10
3 info using node@v6.11.0
4 verbose run-script [ 'postcss' ]
5 info lifecycle angular-seed@0.0.0~postcss: angular-seed@0.0.0
6 verbose lifecycle angular-seed@0.0.0~postcss: unsafe-perm in lifecycle true
7 verbose lifecycle angular-seed@0.0.0~postcss: PATH: C:\Program Files\nodejs\node_modules\npm\bin\node-gyp-bin;C:\Users\eluna\Documents\GitHub\news\node_modules\.bin;C:\Users\eluna\bin;C:\Program Files\Git\mingw64\bin;C:\Program Files\Git\usr\local\bin;C:\Program Files\Git\usr\bin;C:\Program Files\Git\usr\bin;C:\Program Files\Git\mingw64\bin;C:\Program Files\Git\usr\bin;C:\Users\eluna\bin;C:\Program Files (x86)\Intel\iCLS Client;C:\Program Files\Intel\iCLS Client;C:\Windows\system32;C:\Windows;C:\Windows\system32\wbem;C:\Program Files (x86)\NVIDIA Corporation\PhysX\Common;C:\Program Files\Common Files\Microsoft Shared\Windows Live;C:\Program Files (x86)\Common Files\Microsoft Shared\Windows Live;C:\Windows\System32\WindowsPowerShell\v1.0;C:\Program Files (x86)\Microsoft SQL Server\90\Tools\binn;C:\Program Files (x86)\Intel\OpenCL SDK\2.0\bin\x86;C:\Program Files (x86)\Intel\OpenCL SDK\2.0\bin\x64;C:\Program Files (x86)\Microsoft SQL Server\100\Tools\Binn;C:\Program Files\Microsoft SQL Server\100\Tools\Binn;C:\Program Files\Microsoft SQL Server\100\DTS\Binn;C:\Program Files (x86)\Windows Live\Shared;C:\Program Files (x86)\Intel\OpenCL SDK\2.0\bin\x86 11.1    Build 20090903 Package ID; w_cproc_p_11.1.046;intel64;icl \nologo \Qvc9 \MD \O2 \Zi \EHsc \GR \Zc;forScope \Zc;wchar_t \D__TBB_LIB_NAME=tbb.lib \GS- \DDO_ITT_NOTIFY \DUSE_WINTHREAD \D_CRT_SECURE_NO_DEPRECATE \D_WIN32_WINNT=0x0501  \D__TBB_BUILD=1 \W3  \WX ;undefined;1;C:\Program Files (x86)\Microsoft SQL Server\80\Tools\Binn;C:\Program Files (x86)\Microsoft SQL Server\100\Tools\Binn;C:\Program Files\Microsoft SQL Server\100\Tools\Binn;C:\Program Files\Microsoft SQL Server\100\DTS\Binn;C:\Program Files\Intel\Intel(R) Management Engine Components\DAL;C:\Program Files (x86)\Intel\Intel(R) Management Engine Components\DAL;C:\Program Files\Intel\Intel(R) Management Engine Components\IPT;C:\Program Files (x86)\Intel\Intel(R) Management Engine Components\IPT;C:\Program Files\nodejs;C:\Program Files\Git\cmd;C:\Users\eluna\AppData\Local\Programs\Python\Python36-32\Scripts;C:\Users\eluna\AppData\Local\Programs\Python\Python36-32;C:\Users\eluna\AppData\Roaming\npm;C:\Program Files\Git\usr\bin\vendor_perl;C:\Program Files\Git\usr\bin\core_perl
8 verbose lifecycle angular-seed@0.0.0~postcss: CWD: C:\Users\eluna\Documents\GitHub\news
9 silly lifecycle angular-seed@0.0.0~postcss: Args: [ '/d /s /c', 'postcss --config postcss.config.json' ]
10 silly lifecycle angular-seed@0.0.0~postcss: Returned: code: 1  signal: null
11 info lifecycle angular-seed@0.0.0~postcss: Failed to exec postcss script
12 verbose stack Error: angular-seed@0.0.0 postcss: `postcss --config postcss.config.json`
12 verbose stack Exit status 1
12 verbose stack     at EventEmitter.<anonymous> (C:\Program Files\nodejs\node_modules\npm\lib\utils\lifecycle.js:255:16)
12 verbose stack     at emitTwo (events.js:106:13)
12 verbose stack     at EventEmitter.emit (events.js:191:7)
12 verbose stack     at ChildProcess.<anonymous> (C:\Program Files\nodejs\node_modules\npm\lib\utils\spawn.js:40:14)
12 verbose stack     at emitTwo (events.js:106:13)
12 verbose stack     at ChildProcess.emit (events.js:191:7)
12 verbose stack     at maybeClose (internal/child_process.js:891:16)
12 verbose stack     at Process.ChildProcess._handle.onexit (internal/child_process.js:226:5)
13 verbose pkgid angular-seed@0.0.0
14 verbose cwd C:\Users\eluna\Documents\GitHub\news\app
15 error Windows_NT 6.1.7601
16 error argv "C:\\Program Files\\nodejs\\node.exe" "C:\\Program Files\\nodejs\\node_modules\\npm\\bin\\npm-cli.js" "run" "postcss"
17 error node v6.11.0
18 error npm  v3.10.10
19 error code ELIFECYCLE
20 error angular-seed@0.0.0 postcss: `postcss --config postcss.config.json`
20 error Exit status 1
21 error Failed at the angular-seed@0.0.0 postcss script 'postcss --config postcss.config.json'.
21 error Make sure you have the latest version of node.js and npm installed.
21 error If you do, this is most likely a problem with the angular-seed package,
21 error not with npm itself.
21 error Tell the author that this fails on your system:
21 error     postcss --config postcss.config.json
21 error You can get information on how to open an issue for this project with:
21 error     npm bugs angular-seed
21 error Or if that isn't available, you can get their info via:
21 error     npm owner ls angular-seed
21 error There is likely additional logging output above.
22 verbose exit [ 1, true ]
